<?xml version="1.0" encoding="UTF-8"?>
<testsuite xmlns:xsi="http://www.w3.org/2001/XMLSchema-instance" xsi:noNamespaceSchemaLocation="https://maven.apache.org/surefire/maven-surefire-plugin/xsd/surefire-test-report-3.0.xsd" version="3.0" name="app.off.AppTest" time="0.024" tests="1" errors="0" skipped="0" failures="0">
  <properties>
    <property name="java.specification.version" value="21"/>
    <property name="sun.cpu.isalist" value="amd64"/>
    <property name="sun.jnu.encoding" value="Cp1252"/>
    <property name="java.class.path" value="C:\Users\MARIU\OneDrive\Documents\Personal-project\forFun\appPassword\target\test-classes;C:\Users\MARIU\OneDrive\Documents\Personal-project\forFun\appPassword\target\classes;C:\Users\MARIU\.m2\repository\junit\junit\3.8.1\junit-3.8.1.jar;C:\Users\MARIU\.m2\repository\org\openjfx\javafx-controls\17\javafx-controls-17.jar;C:\Users\MARIU\.m2\repository\org\openjfx\javafx-controls\17\javafx-controls-17-win.jar;C:\Users\MARIU\.m2\repository\org\openjfx\javafx-graphics\17\javafx-graphics-17.jar;C:\Users\MARIU\.m2\repository\org\openjfx\javafx-graphics\17\javafx-graphics-17-win.jar;C:\Users\MARIU\.m2\repository\org\openjfx\javafx-base\17\javafx-base-17.jar;C:\Users\MARIU\.m2\repository\org\openjfx\javafx-base\17\javafx-base-17-win.jar;C:\Users\MARIU\.m2\repository\com\opencsv\opencsv\5.7.1\opencsv-5.7.1.jar;C:\Users\MARIU\.m2\repository\org\apache\commons\commons-lang3\3.12.0\commons-lang3-3.12.0.jar;C:\Users\MARIU\.m2\repository\org\apache\commons\commons-text\1.10.0\commons-text-1.10.0.jar;C:\Users\MARIU\.m2\repository\commons-beanutils\commons-beanutils\1.9.4\commons-beanutils-1.9.4.jar;C:\Users\MARIU\.m2\repository\commons-logging\commons-logging\1.2\commons-logging-1.2.jar;C:\Users\MARIU\.m2\repository\commons-collections\commons-collections\3.2.2\commons-collections-3.2.2.jar;C:\Users\MARIU\.m2\repository\org\apache\commons\commons-collections4\4.4\commons-collections4-4.4.jar;"/>
    <property name="java.vm.vendor" value="Oracle Corporation"/>
    <property name="sun.arch.data.model" value="64"/>
    <property name="user.variant" value=""/>
    <property name="java.vendor.url" value="https://java.oracle.com/"/>
    <property name="user.timezone" value="Europe/Paris"/>
    <property name="os.name" value="Windows 10"/>
    <property name="java.vm.specification.version" value="21"/>
    <property name="sun.java.launcher" value="SUN_STANDARD"/>
    <property name="user.country" value="FR"/>
    <property name="sun.boot.library.path" value="C:\Users\MARIU\Downloads\jdk-21.0.1\bin"/>
    <property name="sun.java.command" value="C:\Users\MARIU\AppData\Local\Temp\surefire12267998658489579954\surefirebooter-20231227171751926_3.jar C:\Users\MARIU\AppData\Local\Temp\surefire12267998658489579954 2023-12-27T17-17-51_793-jvmRun1 surefire-20231227171751926_1tmp surefire_0-20231227171751926_2tmp"/>
    <property name="jdk.debug" value="release"/>
    <property name="surefire.test.class.path" value="C:\Users\MARIU\OneDrive\Documents\Personal-project\forFun\appPassword\target\test-classes;C:\Users\MARIU\OneDrive\Documents\Personal-project\forFun\appPassword\target\classes;C:\Users\MARIU\.m2\repository\junit\junit\3.8.1\junit-3.8.1.jar;C:\Users\MARIU\.m2\repository\org\openjfx\javafx-controls\17\javafx-controls-17.jar;C:\Users\MARIU\.m2\repository\org\openjfx\javafx-controls\17\javafx-controls-17-win.jar;C:\Users\MARIU\.m2\repository\org\openjfx\javafx-graphics\17\javafx-graphics-17.jar;C:\Users\MARIU\.m2\repository\org\openjfx\javafx-graphics\17\javafx-graphics-17-win.jar;C:\Users\MARIU\.m2\repository\org\openjfx\javafx-base\17\javafx-base-17.jar;C:\Users\MARIU\.m2\repository\org\openjfx\javafx-base\17\javafx-base-17-win.jar;C:\Users\MARIU\.m2\repository\com\opencsv\opencsv\5.7.1\opencsv-5.7.1.jar;C:\Users\MARIU\.m2\repository\org\apache\commons\commons-lang3\3.12.0\commons-lang3-3.12.0.jar;C:\Users\MARIU\.m2\repository\org\apache\commons\commons-text\1.10.0\commons-text-1.10.0.jar;C:\Users\MARIU\.m2\repository\commons-beanutils\commons-beanutils\1.9.4\commons-beanutils-1.9.4.jar;C:\Users\MARIU\.m2\repository\commons-logging\commons-logging\1.2\commons-logging-1.2.jar;C:\Users\MARIU\.m2\repository\commons-collections\commons-collections\3.2.2\commons-collections-3.2.2.jar;C:\Users\MARIU\.m2\repository\org\apache\commons\commons-collections4\4.4\commons-collections4-4.4.jar;"/>
    <property name="sun.cpu.endian" value="little"/>
    <property name="user.home" value="C:\Users\MARIU"/>
    <property name="user.language" value="fr"/>
    <property name="java.specification.vendor" value="Oracle Corporation"/>
    <property name="java.version.date" value="2023-10-17"/>
    <property name="java.home" value="C:\Users\MARIU\Downloads\jdk-21.0.1"/>
    <property name="file.separator" value="\"/>
    <property name="basedir" value="C:\Users\MARIU\OneDrive\Documents\Personal-project\forFun\appPassword"/>
    <property name="java.vm.compressedOopsMode" value="Zero based"/>
    <property name="line.separator" value="&#10;"/>
    <property name="java.vm.specification.vendor" value="Oracle Corporation"/>
    <property name="java.specification.name" value="Java Platform API Specification"/>
    <property name="surefire.real.class.path" value="C:\Users\MARIU\AppData\Local\Temp\surefire12267998658489579954\surefirebooter-20231227171751926_3.jar"/>
    <property name="user.script" value=""/>
    <property name="sun.management.compiler" value="HotSpot 64-Bit Tiered Compilers"/>
    <property name="java.runtime.version" value="21.0.1+12-29"/>
    <property name="user.name" value="MARIU"/>
    <property name="stdout.encoding" value="Cp1252"/>
    <property name="path.separator" value=";"/>
    <property name="os.version" value="10.0"/>
    <property name="java.runtime.name" value="OpenJDK Runtime Environment"/>
    <property name="file.encoding" value="UTF-8"/>
    <property name="java.vm.name" value="OpenJDK 64-Bit Server VM"/>
    <property name="localRepository" value="C:\Users\MARIU\.m2\repository"/>
    <property name="java.vendor.url.bug" value="https://bugreport.java.com/bugreport/"/>
    <property name="java.io.tmpdir" value="C:\Users\MARIU\AppData\Local\Temp\"/>
    <property name="java.version" value="21.0.1"/>
    <property name="user.dir" value="C:\Users\MARIU\OneDrive\Documents\Personal-project\forFun\appPassword"/>
    <property name="os.arch" value="amd64"/>
    <property name="java.vm.specification.name" value="Java Virtual Machine Specification"/>
    <property name="sun.os.patch.level" value=""/>
    <property name="native.encoding" value="Cp1252"/>
    <property name="java.library.path" value="C:\Users\MARIU\Downloads\jdk-21.0.1\bin;C:\WINDOWS\Sun\Java\bin;C:\WINDOWS\system32;C:\WINDOWS;C:\Program Files\Common Files\Oracle\Java\javapath;C:\Program Files (x86)\Common Files\Oracle\Java\javapath;C:\windows\system32;C:\windows;C:\windows\System32\Wbem;C:\windows\System32\WindowsPowerShell\v1.0\;C:\windows\System32\OpenSSH\;C:\Program Files (x86)\NVIDIA Corporation\PhysX\Common;C:\Program Files\NVIDIA Corporation\NVIDIA NvDLISR;C:\WINDOWS\system32;C:\WINDOWS;C:\WINDOWS\System32\Wbem;C:\WINDOWS\System32\WindowsPowerShell\v1.0\;C:\WINDOWS\System32\OpenSSH\;C:\Program Files\nodejs\;C:\Program Files\Git\cmd;C:\Program Files\PuTTY\;C:\Gradle\gradle-8.4-all\gradle-8.4\bin;C:\Program Files (x86)\Gpg4win\..\GnuPG\bin;C:\Users\MARIU\Downloads\apache-maven-3.9.6\bin;C:\Users\MARIU\AppData\Local\Microsoft\WindowsApps;C:\Users\MARIU\AppData\Local\Programs\Microsoft VS Code\bin;C:\Users\MARIU\AppData\Roaming\npm;C:\Users\MARIU\AppData\Local\GitHubDesktop\bin;."/>
    <property name="java.vm.info" value="mixed mode, sharing"/>
    <property name="stderr.encoding" value="Cp1252"/>
    <property name="java.vendor" value="Oracle Corporation"/>
    <property name="java.vm.version" value="21.0.1+12-29"/>
    <property name="sun.io.unicode.encoding" value="UnicodeLittle"/>
    <property name="java.class.version" value="65.0"/>
  </properties>
  <testcase name="testApp" classname="app.off.AppTest" time="0.003"/>
</testsuite>